<?xml version="1.0" encoding="UTF-8"?>
<!-- Generated by org.testng.reporters.JUnitXMLReporter -->
<testsuite ignored="4" hostname="Anandhi" failures="0" tests="3" name="Test" time="4.923" errors="0" timestamp="2025-10-29T11:02:07 EDT">
  <testcase classname="healthSumAI.TestCases.LandingPageTest" name="verifyLandingPage" time="2.831"/>
  <testcase classname="healthSumAI.TestCases.AiSummarize" name="summarize" time="0.857"/>
  <testcase classname="healthSumAI.TestCases.Patients" name="VerifyPatient" time="0.702"/>
  <testcase classname="healthSumAI.baseTest.BaseTest" name="@BeforeSuite initializeDriver" time="0.0">
    <ignored/>
  </testcase> <!-- @BeforeSuite initializeDriver -->
  <testcase classname="healthSumAI.baseTest.BaseTest" name="@AfterSuite openHtmlReportServe" time="0.0">
    <ignored/>
  </testcase> <!-- @AfterSuite openHtmlReportServe -->
  <testcase classname="healthSumAI.baseTest.BaseTest" name="@BeforeSuite initializeDriver" time="0.0">
    <ignored/>
  </testcase> <!-- @BeforeSuite initializeDriver -->
  <testcase classname="healthSumAI.baseTest.BaseTest" name="@AfterSuite openHtmlReportServe" time="0.0">
    <ignored/>
  </testcase> <!-- @AfterSuite openHtmlReportServe -->
</testsuite> <!-- Test -->
