<?xml version="1.0" encoding="UTF-8"?>
<testng-results ignored="0" total="3" passed="3" failed="0" skipped="0">
  <reporter-output>
  </reporter-output>
  <suite started-at="2025-10-29T11:02:02 EDT" name="Suite" finished-at="2025-10-29T11:02:07 EDT" duration-ms="4923">
    <groups>
      <group name="landing.open">
        <method signature="LandingPageTest.verifyLandingPage()[pri:0, instance:healthSumAI.TestCases.LandingPageTest@5c86a017]" name="verifyLandingPage" class="healthSumAI.TestCases.LandingPageTest"/>
      </group> <!-- landing.open -->
    </groups>
    <test started-at="2025-10-29T11:02:02 EDT" name="Test" finished-at="2025-10-29T11:02:07 EDT" duration-ms="4923">
      <class name="healthSumAI.TestCases.AiSummarize">
        <test-method signature="summarize()[pri:0, instance:healthSumAI.TestCases.AiSummarize@7fb4f2a9]" started-at="2025-10-29T11:02:05 EDT" name="summarize" depends-on-groups="landing.open" finished-at="2025-10-29T11:02:06 EDT" duration-ms="857" status="PASS">
          <reporter-output>
          </reporter-output>
        </test-method> <!-- summarize -->
      </class> <!-- healthSumAI.TestCases.AiSummarize -->
      <class name="healthSumAI.TestCases.LandingPageTest">
        <test-method is-config="true" signature="initializeDriver()[pri:0, instance:healthSumAI.TestCases.LandingPageTest@5c86a017]" started-at="2025-10-29T11:02:00 EDT" name="initializeDriver" finished-at="2025-10-29T11:02:02 EDT" duration-ms="2107" status="PASS">
          <reporter-output>
          </reporter-output>
        </test-method> <!-- initializeDriver -->
        <test-method signature="verifyLandingPage()[pri:0, instance:healthSumAI.TestCases.LandingPageTest@5c86a017]" started-at="2025-10-29T11:02:02 EDT" name="verifyLandingPage" finished-at="2025-10-29T11:02:05 EDT" duration-ms="2831" status="PASS">
          <reporter-output>
          </reporter-output>
        </test-method> <!-- verifyLandingPage -->
        <test-method is-config="true" signature="openHtmlReportServe()[pri:0, instance:healthSumAI.TestCases.LandingPageTest@5c86a017]" started-at="2025-10-29T11:02:07 EDT" name="openHtmlReportServe" finished-at="2025-10-29T11:02:07 EDT" duration-ms="17" status="PASS">
          <reporter-output>
          </reporter-output>
        </test-method> <!-- openHtmlReportServe -->
      </class> <!-- healthSumAI.TestCases.LandingPageTest -->
      <class name="healthSumAI.TestCases.Patients">
        <test-method signature="VerifyPatient()[pri:0, instance:healthSumAI.TestCases.Patients@4dc27487]" started-at="2025-10-29T11:02:06 EDT" name="VerifyPatient" depends-on-groups="landing.open" finished-at="2025-10-29T11:02:07 EDT" duration-ms="702" status="PASS">
          <reporter-output>
          </reporter-output>
        </test-method> <!-- VerifyPatient -->
      </class> <!-- healthSumAI.TestCases.Patients -->
    </test> <!-- Test -->
  </suite> <!-- Suite -->
</testng-results>
